<?xml version="1.0" encoding="UTF-8"?>
<!-- Generated by org.testng.reporters.JUnitReportReporter -->
<testsuite hostname="DESKTOP-AKU69JI" failures="0" tests="2" name="com.herokuapp.TestLoginAuth" time="8.391" errors="0" timestamp="2022-11-11T06:39:14 GMT+05:30" skipped="0">
  <testcase classname="com.herokuapp.TestLoginAuth" name="testValidAuth" time="0.987"/>
  <system-out/>
  <testcase classname="com.herokuapp.TestLoginAuth" name="testInvalidAuth" time="7.404"/>
  <system-out/>
</testsuite> <!-- com.herokuapp.TestLoginAuth -->
